<?xml version="1.0" encoding="UTF-8"?>
<!-- Generated by org.testng.reporters.JUnitXMLReporter -->
<testsuite ignored="0" hostname="NC2LW11NK3" failures="1" tests="1" name="Test" time="9.809" errors="0" timestamp="2025-01-04T21:46:09 IST">
  <testcase classname="testCases.TitleVerificationTest" name="testTitleVerification" time="1.782">
    <failure type="java.lang.AssertionError" message="Title verification failed! expected [true] but found [false]">
      <![CDATA[java.lang.AssertionError: Title verification failed! expected [true] but found [false]
at testCases.TitleVerificationTest.testTitleVerification(TitleVerificationTest.java:34)
at java.base/java.util.ArrayList.forEach(ArrayList.java:1597)
... Removed 28 stack frames]]>
    </failure>
  </testcase> <!-- testTitleVerification -->
</testsuite> <!-- Test -->
