<?xml version="1.0" encoding="UTF-8"?>
<!-- Generated by org.testng.reporters.JUnitXMLReporter -->
<testsuite ignored="0" hostname="NC2LW11NK3" failures="0" tests="9" name="Test" time="245.548" errors="0" timestamp="2025-01-06T20:52:47 IST">
  <testcase classname="testCases.TC_001_AccountRegistrationTest" name="verify_account_registration" time="5.212"/>
  <testcase classname="testCases.TC_002_LoginTest" name="verify_login" time="2.545"/>
  <testcase classname="testCases.TC_003_LoginDDT" name="verify_loginDDT" time="2.992"/>
  <testcase classname="testCases.TC_003_LoginDDT" name="verify_loginDDT" time="62.062"/>
  <testcase classname="testCases.TC_003_LoginDDT" name="verify_loginDDT" time="62.604"/>
  <testcase classname="testCases.TC_003_LoginDDT" name="verify_loginDDT" time="62.294"/>
  <testcase classname="testCases.TC_003_LoginDDT" name="verify_loginDDT" time="3.626"/>
  <testcase classname="testCases.TC_004_Wishlist" name="verify_login" time="3.884"/>
  <testcase classname="testCases.TC_005_AddToCart" name="verify_login" time="4.139"/>
</testsuite> <!-- Test -->
